Arguments: 
  /Users/saadshamim/.nvm/versions/node/v16.13.0/bin/node /Users/saadshamim/.nvm/versions/node/v16.13.0/bin/yarn

PATH: 
  /Users/saadshamim/.nvm/versions/node/v16.13.0/bin:/opt/homebrew/bin:/opt/homebrew/sbin:/usr/local/bin:/usr/bin:/bin:/usr/sbin:/sbin

Yarn version: 
  1.22.17

Node version: 
  16.13.0

Platform: 
  darwin arm64

Trace: 
  SyntaxError: /Users/saadshamim/Documents/mem/mem-higgs/server/package.json: Unexpected token } in JSON at position 1325
      at JSON.parse (<anonymous>)
      at /Users/saadshamim/.nvm/versions/node/v16.13.0/lib/node_modules/yarn/lib/cli.js:1625:59
      at Generator.next (<anonymous>)
      at step (/Users/saadshamim/.nvm/versions/node/v16.13.0/lib/node_modules/yarn/lib/cli.js:310:30)
      at /Users/saadshamim/.nvm/versions/node/v16.13.0/lib/node_modules/yarn/lib/cli.js:321:13

npm manifest: 
  {
    "name": "mem-higgs-server",
    "scripts": {
      "ts-node": "ts-node",
      "prisma": "prisma",
      "start": "npm run prisma generate && npm run ts-node --transpile-only src/server.ts",
      "dev": "ts-node-dev --no-notify --respawn --transpile-only src/server.ts",
      "schema:download": "apollo schema:download --endpoint=http://localhost:4000/graphql schema.json",
      "lint": "eslint ."
    },
    "dependencies": {
      "@prisma/client": "^3.8.1",
      "@tiptap/core": "^2.0.0-beta.174",
      "@tiptap/html": "^2.0.0-beta.173",
      "apollo-server": "3.6.2",
      "apollo-server-express": "^3.6.2",
      "config": "^3.3.7",
      "ethers": "^5.5.4",
      "express": "^4.17.2",
      "graphql": "15.8.0",
      "graphql-scalars": "1.14.1",
      "jsonwebtoken": "^8.5.1",
      "lodash": "^4.17.21",
      "moment": "^2.29.1",
      "nanoid": "^3.2.0",
      "prisma": "3.8.1",
      "reflect-metadata": "0.1.13",
      "toml": "^3.0.0",
      "ts-node": "10.4.0",
      "typescript": "4.5.4",
      "yup": "^0.32.11"
    },
    "devDependencies": {
      "@faker-js/faker": "^6.0.0-alpha.5",
      "@types/config": "^0.0.41",
      "@types/graphql": "14.5.0",
      "@types/jsonwebtoken": "^8.5.8",
      "@types/lodash": "^4.14.178",
      "@types/node": "16.11.21",
      "@types/ws": "8.2.2",
      "apollo": "^2.33.9",
      "eslint": "^8.8.0",
      "ts-node-dev": "1.1.8",
    },
    "prisma": {
      "seed": "ts-node prisma/seed.ts"
    }
  }

yarn manifest: 
  No manifest

Lockfile: 
  No lockfile
